warning: hyprland-0.47.1-2 is up to date -- skipping
warning: xdg-desktop-portal-hyprland-1.3.9-5 is up to date -- skipping
warning: thunar-4.20.1-1 is up to date -- skipping
warning: kitty-0.39.0-1 is up to date -- skipping
warning: fastfetch-2.35.0-1 is up to date -- skipping
warning: starship-1.22.1-1 is up to date -- skipping
warning: neovim-0.10.4-1 is up to date -- skipping
warning: firefox-134.0.2-1 is up to date -- skipping
warning: dunst-1.12.1-1 is up to date -- skipping
warning: pipewire-1:1.2.7-1 is up to date -- skipping
warning: wireplumber-0.5.7-1 is up to date -- skipping
warning: gst-plugin-pipewire-1:1.2.7-1 is up to date -- skipping
warning: pavucontrol-1:6.1-1 is up to date -- skipping
warning: polkit-gnome-0.105-11 is up to date -- skipping
warning: qt6-wayland-6.8.1-1 is up to date -- skipping
warning: networkmanager-1.50.2-1 is up to date -- skipping
warning: network-manager-applet-1.36.0-1 is up to date -- skipping
warning: sddm-0.21.0-6 is up to date -- skipping
warning: rofi-wayland-1.7.8.1-1 is up to date -- skipping
warning: swaybg-1.2.1-1 is up to date -- skipping
warning: cliphist-1:0.6.1-1 is up to date -- skipping
warning: imagemagick-7.1.1.43-1 is up to date -- skipping
warning: nwg-look-1.0.2-1 is up to date -- skipping
warning: firefox-134.0.2-1 is up to date -- skipping
 there is nothing to do
